[    0.000000] Linux version 4.15.0-167-generic (buildd@lcy02-amd64-045) (gcc version 7.5.0 (Ubuntu 7.5.0-3ubuntu1~18.04)) #175-Ubuntu SMP Wed Jan 5 01:56:07 UTC 2022 (Ubuntu 4.15.0-167.175-generic 4.15.18)
[    0.000000] Command line: BOOT_IMAGE=/boot/vmlinuz-4.15.0-167-generic root=LABEL=cloudimg-rootfs ro console=tty1 console=ttyS0
[    0.000000] KERNEL supported cpus:
[    0.000000]   Intel GenuineIntel
[    0.000000]   AMD AuthenticAMD
[    0.000000]   Centaur CentaurHauls
[    0.000000] x86/fpu: Supporting XSAVE feature 0x001: 'x87 floating point registers'
[    0.000000] x86/fpu: Supporting XSAVE feature 0x002: 'SSE registers'
[    0.000000] x86/fpu: Supporting XSAVE feature 0x004: 'AVX registers'
[    0.000000] x86/fpu: xstate_offset[2]:  576, xstate_sizes[2]:  256
[    0.000000] x86/fpu: Enabled xstate features 0x7, context size is 832 bytes, using 'standard' format.
[    0.000000] e820: BIOS-provided physical RAM map:
[    0.000000] BIOS-e820: [mem 0x0000000000000000-0x000000000009fbff] usable
[    0.000000] BIOS-e820: [mem 0x000000000009fc00-0x000000000009ffff] reserved
[    0.000000] BIOS-e820: [mem 0x00000000000f0000-0x00000000000fffff] reserved
[    0.000000] BIOS-e820: [mem 0x0000000000100000-0x00000000dffeffff] usable
[    0.000000] BIOS-e820: [mem 0x00000000dfff0000-0x00000000dfffffff] ACPI data
[    0.000000] BIOS-e820: [mem 0x00000000fec00000-0x00000000fec00fff] reserved
[    0.000000] BIOS-e820: [mem 0x00000000fee00000-0x00000000fee00fff] reserved
[    0.000000] BIOS-e820: [mem 0x00000000fffc0000-0x00000000ffffffff] reserved
[    0.000000] BIOS-e820: [mem 0x0000000100000000-0x000000021fffffff] usable
[    0.000000] NX (Execute Disable) protection: active
[    0.000000] SMBIOS 2.5 present.
[    0.000000] DMI: innotek GmbH VirtualBox/VirtualBox, BIOS VirtualBox 12/01/2006
[    0.000000] Hypervisor detected: KVM
[    0.000000] e820: last_pfn = 0x220000 max_arch_pfn = 0x400000000
[    0.000000] MTRR: Disabled
[    0.000000] x86/PAT: MTRRs disabled, skipping PAT initialization too.
[    0.000000] CPU MTRRs all blank - virtualized system.
[    0.000000] x86/PAT: Configuration [0-7]: WB  WT  UC- UC  WB  WT  UC- UC  
[    0.000000] e820: last_pfn = 0xdfff0 max_arch_pfn = 0x400000000
[    0.000000] found SMP MP-table at [mem 0x0009fff0-0x0009ffff]
[    0.000000] Scanning 1 areas for low memory corruption
[    0.000000] RAMDISK: [mem 0x359c9000-0x36cdbfff]
[    0.000000] ACPI: Early table checksum verification disabled
[    0.000000] ACPI: RSDP 0x00000000000E0000 000024 (v02 VBOX  )
[    0.000000] ACPI: XSDT 0x00000000DFFF0030 00003C (v01 VBOX   VBOXXSDT 00000001 ASL  00000061)
[    0.000000] ACPI: FACP 0x00000000DFFF00F0 0000F4 (v04 VBOX   VBOXFACP 00000001 ASL  00000061)
[    0.000000] ACPI: DSDT 0x00000000DFFF0480 002325 (v02 VBOX   VBOXBIOS 00000002 INTL 20190509)
[    0.000000] ACPI: FACS 0x00000000DFFF0200 000040
[    0.000000] ACPI: FACS 0x00000000DFFF0200 000040
[    0.000000] ACPI: APIC 0x00000000DFFF0240 00006C (v02 VBOX   VBOXAPIC 00000001 ASL  00000061)
[    0.000000] ACPI: SSDT 0x00000000DFFF02B0 0001CC (v01 VBOX   VBOXCPUT 00000002 INTL 20190509)
[    0.000000] ACPI: Reserving FACP table memory at [mem 0xdfff00f0-0xdfff01e3]
[    0.000000] ACPI: Reserving DSDT table memory at [mem 0xdfff0480-0xdfff27a4]
[    0.000000] ACPI: Reserving FACS table memory at [mem 0xdfff0200-0xdfff023f]
[    0.000000] ACPI: Reserving FACS table memory at [mem 0xdfff0200-0xdfff023f]
[    0.000000] ACPI: Reserving APIC table memory at [mem 0xdfff0240-0xdfff02ab]
[    0.000000] ACPI: Reserving SSDT table memory at [mem 0xdfff02b0-0xdfff047b]
[    0.000000] No NUMA configuration found
[    0.000000] Faking a node at [mem 0x0000000000000000-0x000000021fffffff]
[    0.000000] NODE_DATA(0) allocated [mem 0x21ffd1000-0x21fffbfff]
[    0.000000] kvm-clock: cpu 0, msr 2:1ff50001, primary cpu clock
[    0.000000] kvm-clock: Using msrs 4b564d01 and 4b564d00
[    0.000000] kvm-clock: using sched offset of 3258571249 cycles
[    0.000000] clocksource: kvm-clock: mask: 0xffffffffffffffff max_cycles: 0x1cd42e4dffb, max_idle_ns: 881590591483 ns
[    0.000000] Zone ranges:
[    0.000000]   DMA      [mem 0x0000000000001000-0x0000000000ffffff]
[    0.000000]   DMA32    [mem 0x0000000001000000-0x00000000ffffffff]
[    0.000000]   Normal   [mem 0x0000000100000000-0x000000021fffffff]
[    0.000000]   Device   empty
[    0.000000] Movable zone start for each node
[    0.000000] Early memory node ranges
[    0.000000]   node   0: [mem 0x0000000000001000-0x000000000009efff]
[    0.000000]   node   0: [mem 0x0000000000100000-0x00000000dffeffff]
[    0.000000]   node   0: [mem 0x0000000100000000-0x000000021fffffff]
[    0.000000] Reserved but unavailable: 104 pages
[    0.000000] Initmem setup node 0 [mem 0x0000000000001000-0x000000021fffffff]
[    0.000000] ACPI: PM-Timer IO Port: 0x4008
[    0.000000] IOAPIC[0]: apic_id 4, version 32, address 0xfec00000, GSI 0-23
[    0.000000] ACPI: INT_SRC_OVR (bus 0 bus_irq 0 global_irq 2 dfl dfl)
[    0.000000] ACPI: INT_SRC_OVR (bus 0 bus_irq 9 global_irq 9 low level)
[    0.000000] Using ACPI (MADT) for SMP configuration information
[    0.000000] smpboot: Allowing 4 CPUs, 0 hotplug CPUs
[    0.000000] PM: Registered nosave memory: [mem 0x00000000-0x00000fff]
[    0.000000] PM: Registered nosave memory: [mem 0x0009f000-0x0009ffff]
[    0.000000] PM: Registered nosave memory: [mem 0x000a0000-0x000effff]
[    0.000000] PM: Registered nosave memory: [mem 0x000f0000-0x000fffff]
[    0.000000] PM: Registered nosave memory: [mem 0xdfff0000-0xdfffffff]
[    0.000000] PM: Registered nosave memory: [mem 0xe0000000-0xfebfffff]
[    0.000000] PM: Registered nosave memory: [mem 0xfec00000-0xfec00fff]
[    0.000000] PM: Registered nosave memory: [mem 0xfec01000-0xfedfffff]
[    0.000000] PM: Registered nosave memory: [mem 0xfee00000-0xfee00fff]
[    0.000000] PM: Registered nosave memory: [mem 0xfee01000-0xfffbffff]
[    0.000000] PM: Registered nosave memory: [mem 0xfffc0000-0xffffffff]
[    0.000000] e820: [mem 0xe0000000-0xfebfffff] available for PCI devices
[    0.000000] Booting paravirtualized kernel on KVM
[    0.000000] clocksource: refined-jiffies: mask: 0xffffffff max_cycles: 0xffffffff, max_idle_ns: 7645519600211568 ns
[    0.000000] random: get_random_bytes called from start_kernel+0x99/0x500 with crng_init=0
[    0.000000] setup_percpu: NR_CPUS:8192 nr_cpumask_bits:4 nr_cpu_ids:4 nr_node_ids:1
[    0.000000] percpu: Embedded 50 pages/cpu s167936 r8192 d28672 u524288
[    0.000000] PV qspinlock hash table entries: 256 (order: 0, 4096 bytes)
[    0.000000] Built 1 zonelists, mobility grouping on.  Total pages: 2064249
[    0.000000] Policy zone: Normal
[    0.000000] Kernel command line: BOOT_IMAGE=/boot/vmlinuz-4.15.0-167-generic root=LABEL=cloudimg-rootfs ro console=tty1 console=ttyS0
[    0.000000] Memory: 8141612K/8388152K available (12300K kernel code, 2483K rwdata, 4324K rodata, 2476K init, 2724K bss, 246540K reserved, 0K cma-reserved)
[    0.000000] SLUB: HWalign=64, Order=0-3, MinObjects=0, CPUs=4, Nodes=1
[    0.000000] Kernel/User page tables isolation: enabled
[    0.000000] ftrace: allocating 39494 entries in 155 pages
[    0.004000] Hierarchical RCU implementation.
[    0.004000] 	RCU restricting CPUs from NR_CPUS=8192 to nr_cpu_ids=4.
[    0.004000] 	Tasks RCU enabled.
[    0.004000] RCU: Adjusting geometry for rcu_fanout_leaf=16, nr_cpu_ids=4
[    0.004000] NR_IRQS: 524544, nr_irqs: 456, preallocated irqs: 16
[    0.004000] Console: colour VGA+ 80x25
[    0.004000] console [tty1] enabled
[    0.004000] console [ttyS0] enabled
[    0.004000] ACPI: Core revision 20170831
[    0.004000] ACPI: 2 ACPI AML tables successfully acquired and loaded
[    0.004000] APIC: Switch to symmetric I/O mode setup
[    0.004000] x2apic enabled
[    0.004000] Switched APIC routing to physical x2apic.
[    0.004000] ..TIMER: vector=0x30 apic1=0 pin1=2 apic2=-1 pin2=-1
[    0.004000] tsc: Detected 2112.002 MHz processor
[    0.004012] Calibrating delay loop (skipped) preset value.. 4224.00 BogoMIPS (lpj=8448008)
[    0.005019] pid_max: default: 32768 minimum: 301
[    0.005679] Security Framework initialized
[    0.006195] Yama: becoming mindful.
[    0.006662] AppArmor: AppArmor initialized
[    0.010110] Dentry cache hash table entries: 1048576 (order: 11, 8388608 bytes)
[    0.012679] Inode-cache hash table entries: 524288 (order: 10, 4194304 bytes)
[    0.013549] Mount-cache hash table entries: 16384 (order: 5, 131072 bytes)
[    0.014396] Mountpoint-cache hash table entries: 16384 (order: 5, 131072 bytes)
[    0.015673] Last level iTLB entries: 4KB 64, 2MB 8, 4MB 8
[    0.016003] Last level dTLB entries: 4KB 64, 2MB 0, 4MB 0, 1GB 4
[    0.016824] Spectre V1 : Mitigation: usercopy/swapgs barriers and __user pointer sanitization
[    0.017984] Spectre V2 : Mitigation: Full generic retpoline
[    0.018729] Spectre V2 : Spectre v2 / SpectreRSB mitigation: Filling RSB on context switch
[    0.020001] Speculative Store Bypass: Vulnerable
[    0.020659] SRBDS: Unknown: Dependent on hypervisor status
[    0.021411] MDS: Mitigation: Clear CPU buffers
[    0.022179] Freeing SMP alternatives memory: 36K
[    0.132718] smpboot: CPU0: Intel(R) Core(TM) i7-8665U CPU @ 1.90GHz (family: 0x6, model: 0x8e, stepping: 0xc)
[    0.136000] Performance Events: unsupported p6 CPU model 142 no PMU driver, software events only.
[    0.136029] Hierarchical SRCU implementation.
[    0.137506] NMI watchdog: Perf event create on CPU 0 failed with -2
[    0.138346] NMI watchdog: Perf NMI watchdog permanently disabled
[    0.140042] smp: Bringing up secondary CPUs ...
[    0.140692] x86: Booting SMP configuration:
[    0.141272] .... node  #0, CPUs:      #1
[    0.004000] kvm-clock: cpu 1, msr 2:1ff50041, secondary cpu clock
[    0.144055]  #2
[    0.004000] kvm-clock: cpu 2, msr 2:1ff50081, secondary cpu clock
[    0.148056]  #3
[    0.004000] kvm-clock: cpu 3, msr 2:1ff500c1, secondary cpu clock
[    0.151093] smp: Brought up 1 node, 4 CPUs
[    0.151093] smpboot: Max logical packages: 1
[    0.152003] smpboot: Total of 4 processors activated (16896.01 BogoMIPS)
[    0.153136] devtmpfs: initialized
[    0.153136] x86/mm: Memory block size: 128MB
[    0.153389] evm: security.selinux
[    0.153832] evm: security.SMACK64
[    0.156002] evm: security.SMACK64EXEC
[    0.156478] evm: security.SMACK64TRANSMUTE
[    0.157089] evm: security.SMACK64MMAP
[    0.157616] evm: security.apparmor
[    0.158113] evm: security.ima
[    0.158555] evm: security.capability
[    0.159171] clocksource: jiffies: mask: 0xffffffff max_cycles: 0xffffffff, max_idle_ns: 7645041785100000 ns
[    0.160008] futex hash table entries: 1024 (order: 4, 65536 bytes)
[    0.160881] pinctrl core: initialized pinctrl subsystem
[    0.161675] RTC time: 11:20:40, date: 03/02/22
[    0.162404] NET: Registered protocol family 16
[    0.163065] audit: initializing netlink subsys (disabled)
[    0.164019] audit: type=2000 audit(1646220045.320:1): state=initialized audit_enabled=0 res=1
[    0.165288] cpuidle: using governor ladder
[    0.165288] cpuidle: using governor menu
[    0.165311] ACPI: bus type PCI registered
[    0.165880] acpiphp: ACPI Hot Plug PCI Controller Driver version: 0.5
[    0.168566] PCI: Using configuration type 1 for base access
[    0.169359] HugeTLB registered 2.00 MiB page size, pre-allocated 0 pages
[    0.172045] ACPI: Added _OSI(Module Device)
[    0.172642] ACPI: Added _OSI(Processor Device)
[    0.173271] ACPI: Added _OSI(3.0 _SCP Extensions)
[    0.173927] ACPI: Added _OSI(Processor Aggregator Device)
[    0.174716] ACPI: Added _OSI(Linux-Dell-Video)
[    0.175341] ACPI: Added _OSI(Linux-Lenovo-NV-HDMI-Audio)
[    0.176006] ACPI: Added _OSI(Linux-HPI-Hybrid-Graphics)
[    0.176935] ACPI: Executed 1 blocks of module-level executable AML code
[    0.180121] ACPI: Interpreter enabled
[    0.180658] ACPI: (supports S0 S5)
[    0.181159] ACPI: Using IOAPIC for interrupt routing
[    0.182002] PCI: Using host bridge windows from ACPI; if necessary, use "pci=nocrs" and report a bug
[    0.183770] ACPI: Enabled 2 GPEs in block 00 to 07
[    0.188495] ACPI: PCI Root Bridge [PCI0] (domain 0000 [bus 00-ff])
[    0.189366] acpi PNP0A03:00: _OSC: OS supports [ASPM ClockPM Segments MSI]
[    0.190597] acpi PNP0A03:00: _OSC: not requesting OS control; OS requires [ExtendedConfig ASPM ClockPM MSI]
[    0.191934] acpi PNP0A03:00: fail to add MMCONFIG information, can't access extended PCI configuration space under this bridge.
[    0.192261] PCI host bridge to bus 0000:00
[    0.192846] pci_bus 0000:00: root bus resource [io  0x0000-0x0cf7 window]
[    0.193761] pci_bus 0000:00: root bus resource [io  0x0d00-0xffff window]
[    0.196003] pci_bus 0000:00: root bus resource [mem 0x000a0000-0x000bffff window]
[    0.197034] pci_bus 0000:00: root bus resource [mem 0xe0000000-0xfdffffff window]
[    0.198073] pci_bus 0000:00: root bus resource [bus 00-ff]
[    0.201124] pci 0000:00:01.1: legacy IDE quirk: reg 0x10: [io  0x01f0-0x01f7]
[    0.202067] pci 0000:00:01.1: legacy IDE quirk: reg 0x14: [io  0x03f6]
[    0.202951] pci 0000:00:01.1: legacy IDE quirk: reg 0x18: [io  0x0170-0x0177]
[    0.203892] pci 0000:00:01.1: legacy IDE quirk: reg 0x1c: [io  0x0376]
[    0.261845] pci 0000:00:07.0: quirk: [io  0x4000-0x403f] claimed by PIIX4 ACPI
[    0.263903] pci 0000:00:07.0: quirk: [io  0x4100-0x410f] claimed by PIIX4 SMB
[    0.304256] ACPI: PCI Interrupt Link [LNKA] (IRQs 5 9 10 *11)
[    0.305275] ACPI: PCI Interrupt Link [LNKB] (IRQs 5 9 *10 11)
[    0.306128] ACPI: PCI Interrupt Link [LNKC] (IRQs 5 *9 10 11)
[    0.307039] ACPI: PCI Interrupt Link [LNKD] (IRQs 5 9 10 *11)
[    0.308019] SCSI subsystem initialized
[    0.308545] pci 0000:00:02.0: vgaarb: setting as boot VGA device
[    0.308754] pci 0000:00:02.0: vgaarb: VGA device added: decodes=io+mem,owns=io+mem,locks=none
[    0.309788] pci 0000:00:02.0: vgaarb: bridge control possible
[    0.310490] vgaarb: loaded
[    0.310872] ACPI: bus type USB registered
[    0.312026] usbcore: registered new interface driver usbfs
[    0.312696] usbcore: registered new interface driver hub
[    0.313450] usbcore: registered new device driver usb
[    0.314147] EDAC MC: Ver: 3.0.0
[    0.314147] PCI: Using ACPI for IRQ routing
[    0.314147] NetLabel: Initializing
[    0.316002] NetLabel:  domain hash size = 128
[    0.316541] NetLabel:  protocols = UNLABELED CIPSOv4 CALIPSO
[    0.317241] NetLabel:  unlabeled traffic allowed by default
[    0.317919] clocksource: Switched to clocksource kvm-clock
[    0.324008] VFS: Disk quotas dquot_6.6.0
[    0.325784] VFS: Dquot-cache hash table entries: 512 (order 0, 4096 bytes)
[    0.326677] AppArmor: AppArmor Filesystem Enabled
[    0.327362] pnp: PnP ACPI init
[    0.328453] pnp: PnP ACPI: found 3 devices
[    0.336325] clocksource: acpi_pm: mask: 0xffffff max_cycles: 0xffffff, max_idle_ns: 2085701024 ns
[    0.337422] NET: Registered protocol family 2
[    0.338546] IP idents hash table entries: 131072 (order: 8, 1048576 bytes)
[    0.339971] TCP established hash table entries: 65536 (order: 7, 524288 bytes)
[    0.341516] TCP bind hash table entries: 65536 (order: 8, 1048576 bytes)
[    0.342379] TCP: Hash tables configured (established 65536 bind 65536)
[    0.343205] UDP hash table entries: 4096 (order: 5, 131072 bytes)
[    0.343947] UDP-Lite hash table entries: 4096 (order: 5, 131072 bytes)
[    0.344802] NET: Registered protocol family 1
[    0.345363] pci 0000:00:00.0: Limiting direct PCI/PCI transfers
[    0.346144] pci 0000:00:01.0: Activating ISA DMA hang workarounds
[    0.346914] pci 0000:00:02.0: Video device with shadowed ROM at [mem 0x000c0000-0x000dffff]
[    0.347987] Unpacking initramfs...
[    0.567720] Freeing initrd memory: 19532K
[    0.568365] PCI-DMA: Using software bounce buffering for IO (SWIOTLB)
[    0.569229] software IO TLB: mapped [mem 0xdbff0000-0xdfff0000] (64MB)
[    0.570068] clocksource: tsc: mask: 0xffffffffffffffff max_cycles: 0x1e717a67afe, max_idle_ns: 440795258295 ns
[    0.571281] platform rtc_cmos: registered platform RTC device (no PNP device found)
[    0.572220] Scanning for low memory corruption every 60 seconds
[    0.573425] Initialise system trusted keyrings
[    0.574015] Key type blacklist registered
[    0.574564] workingset: timestamp_bits=36 max_order=21 bucket_order=0
[    0.575976] zbud: loaded
[    0.576710] squashfs: version 4.0 (2009/01/31) Phillip Lougher
[    0.577535] fuse init (API version 7.26)
[    0.579534] Key type asymmetric registered
[    0.580056] Asymmetric key parser 'x509' registered
[    0.580716] Block layer SCSI generic (bsg) driver version 0.4 loaded (major 246)
[    0.581662] io scheduler noop registered
[    0.582191] io scheduler deadline registered
[    0.582737] io scheduler cfq registered (default)
[    0.583673] ACPI: AC Adapter [AC] (on-line)
[    0.584249] input: Power Button as /devices/LNXSYSTM:00/LNXPWRBN:00/input/input0
[    0.585202] ACPI: Power Button [PWRF]
[    0.585706] input: Sleep Button as /devices/LNXSYSTM:00/LNXSLPBN:00/input/input1
[    0.586607] ACPI: Sleep Button [SLPF]
[    0.587352] Serial: 8250/16550 driver, 32 ports, IRQ sharing enabled
[    0.587845] ACPI: Battery Slot [BAT0] (battery present)
[    0.609023] 00:02: ttyS0 at I/O 0x3f8 (irq = 4, base_baud = 115200) is a 16550A
[    0.611925] Linux agpgart interface v0.103
[    0.614542] loop: module loaded
[    0.615362] scsi host0: ata_piix
[    0.615923] scsi host1: ata_piix
[    0.616389] ata1: PATA max UDMA/33 cmd 0x1f0 ctl 0x3f6 bmdma 0xd000 irq 14
[    0.617197] ata2: PATA max UDMA/33 cmd 0x170 ctl 0x376 bmdma 0xd008 irq 15
[    0.618087] libphy: Fixed MDIO Bus: probed
[    0.618648] tun: Universal TUN/TAP device driver, 1.6
[    0.619352] PPP generic driver version 2.4.2
[    0.619970] ehci_hcd: USB 2.0 'Enhanced' Host Controller (EHCI) Driver
[    0.620822] ehci-pci: EHCI PCI platform driver
[    0.621384] ehci-platform: EHCI generic platform driver
[    0.622029] ohci_hcd: USB 1.1 'Open' Host Controller (OHCI) Driver
[    0.622822] ohci-pci: OHCI PCI platform driver
[    0.623378] ohci-platform: OHCI generic platform driver
[    0.624017] uhci_hcd: USB Universal Host Controller Interface driver
[    0.624838] i8042: PNP: PS/2 Controller [PNP0303:PS2K,PNP0f03:PS2M] at 0x60,0x64 irq 1,12
[    0.626218] serio: i8042 KBD port at 0x60,0x64 irq 1
[    0.626898] serio: i8042 AUX port at 0x60,0x64 irq 12
[    0.627699] mousedev: PS/2 mouse device common for all mice
[    0.628791] input: AT Translated Set 2 keyboard as /devices/platform/i8042/serio0/input/input2
[    0.629834] rtc_cmos rtc_cmos: rtc core: registered rtc_cmos as rtc0
[    0.630742] rtc_cmos rtc_cmos: alarms up to one day, 114 bytes nvram
[    0.631500] i2c /dev entries driver
[    0.632034] device-mapper: uevent: version 1.0.3
[    0.632739] device-mapper: ioctl: 4.37.0-ioctl (2017-09-20) initialised: dm-devel@redhat.com
[    0.633923] ledtrig-cpu: registered to indicate activity on CPUs
[    0.634871] NET: Registered protocol family 10
[    0.639021] Segment Routing with IPv6
[    0.639561] NET: Registered protocol family 17
[    0.640165] Key type dns_resolver registered
[    0.641190] mce: Using 0 MCE banks
[    0.641639] RAS: Correctable Errors collector initialized.
[    0.642319] sched_clock: Marking stable (641168577, 0)->(921794025, -280625448)
[    0.643675] registered taskstats version 1
[    0.644208] Loading compiled-in X.509 certificates
[    0.646346] Loaded X.509 cert 'Build time autogenerated kernel key: 51c91b167e8daada285dd448a981da05683ebd03'
[    0.647945] Loaded X.509 cert 'Canonical Ltd. Live Patch Signing: 14df34d1a87cf37625abec039ef2bf521249b969'
[    0.649911] Loaded X.509 cert 'Canonical Ltd. Kernel Module Signing: 88f752e560a1e0737e31163a466ad7b70a850c19'
[    0.651427] blacklist: Loading compiled-in revocation X.509 certificates
[    0.652504] Loaded X.509 cert 'Canonical Ltd. Secure Boot Signing: 61482aa2830d0ab2ad5af10b7250da9033ddcef0'
[    0.653989] zswap: loaded using pool lzo/zbud
[    0.657196] Key type big_key registered
[    0.657821] Key type trusted registered
[    0.659751] Key type encrypted registered
[    0.660426] AppArmor: AppArmor sha1 policy hashing enabled
[    0.661327] ima: No TPM chip found, activating TPM-bypass! (rc=-19)
[    0.662097] ima: Allocated hash algorithm: sha1
[    0.662718] evm: HMAC attrs: 0x1
[    0.663316]   Magic number: 14:566:326
[    0.663934] rtc_cmos rtc_cmos: setting system clock to 2022-03-02 11:20:41 UTC (1646220041)
[    0.665224] BIOS EDD facility v0.16 2004-Jun-25, 0 devices found
[    0.665961] EDD information not available.
[    0.880923] Freeing unused kernel image memory: 2476K
[    1.454283] Write protecting the kernel read-only data: 20480k
[    1.461374] Freeing unused kernel image memory: 2008K
[    1.466283] Freeing unused kernel image memory: 1820K
[    1.493911] x86/mm: Checked W+X mappings: passed, no W+X pages found.
[    1.496037] x86/mm: Checking user space page tables
[    1.508010] x86/mm: Checked W+X mappings: passed, no W+X pages found.
Loading, please wait...
starting version 237
[    1.558154] e1000: Intel(R) PRO/1000 Network Driver - version 7.3.21-k8-NAPI
[    1.559291] e1000: Copyright (c) 1999-2006 Intel Corporation.
[    1.560131] Fusion MPT base driver 3.04.20
[    1.560886] Copyright (c) 1999-2008 LSI Corporation
[    1.567978] Fusion MPT SPI Host driver 3.04.20
[    1.570272] AVX2 version of gcm_enc/dec engaged.
[    1.570852] AES CTR mode by8 optimization enabled
[    1.765685] input: ImExPS/2 Generic Explorer Mouse as /devices/platform/i8042/serio1/input/input4
[    2.377995] e1000 0000:00:03.0 eth0: (PCI:33MHz:32-bit) 02:3b:ab:4a:a3:42
[    2.382468] e1000 0000:00:03.0 eth0: Intel(R) PRO/1000 Network Connection
[    2.926027] e1000 0000:00:08.0 eth1: (PCI:33MHz:32-bit) 08:00:27:70:24:7e
[    2.930343] e1000 0000:00:08.0 eth1: Intel(R) PRO/1000 Network Connection
[    2.937848] e1000 0000:00:03.0 enp0s3: renamed from eth0
[    2.940388] mptbase: ioc0: Initiating bringup
[    3.024221] e1000 0000:00:08.0 enp0s8: renamed from eth1
[    3.056341] ioc0: LSI53C1030 A0: Capabilities={Initiator}
[    4.558238] scsi host2: ioc0: LSI53C1030 A0, FwRev=00000000h, Ports=1, MaxQ=256, IRQ=20
[    5.893112] scsi 2:0:0:0: Direct-Access     VBOX     HARDDISK         1.0  PQ: 0 ANSI: 5
[    5.932402] scsi target2:0:0: Beginning Domain Validation
[    5.944148] scsi target2:0:0: Domain Validation skipping write tests
[    5.949207] scsi target2:0:0: Ending Domain Validation
[    5.953663] scsi target2:0:0: asynchronous
[    5.959614] scsi 2:0:1:0: Direct-Access     VBOX     HARDDISK         1.0  PQ: 0 ANSI: 5
[    5.996282] scsi target2:0:1: Beginning Domain Validation
[    6.004588] random: fast init done
[    6.007989] scsi target2:0:1: Domain Validation skipping write tests
[    6.012446] scsi target2:0:1: Ending Domain Validation
[    6.016235] scsi target2:0:1: asynchronous
[    6.034992] random: systemd-udevd: uninitialized urandom read (16 bytes read)
[    6.036950] sd 2:0:0:0: [sda] 83886080 512-byte logical blocks: (42.9 GB/40.0 GiB)
[    6.041022] random: systemd-udevd: uninitialized urandom read (16 bytes read)
[    6.041041] sd 2:0:0:0: Attached scsi generic sg0 type 0
[    6.046102] sd 2:0:0:0: [sda] Write Protect is off
[    6.050999] random: systemd-udevd: uninitialized urandom read (16 bytes read)
[    6.056174] sd 2:0:1:0: Attached scsi generic sg1 type 0
[    6.056674] sd 2:0:1:0: [sdb] 20480 512-byte logical blocks: (10.5 MB/10.0 MiB)
[    6.056784] sd 2:0:1:0: [sdb] Write Protect is off
[    6.057001] sd 2:0:1:0: [sdb] Incomplete mode parameter data
[    6.057003] sd 2:0:1:0: [sdb] Assuming drive cache: write through
[    6.061493] sd 2:0:1:0: [sdb] Attached SCSI disk
[    6.061831] sd 2:0:0:0: [sda] Incomplete mode parameter data
[    6.070705] sd 2:0:0:0: [sda] Assuming drive cache: write through
[    6.073015]  sda: sda1
[    6.074151] sd 2:0:0:0: [sda] Attached SCSI disk
Begin: Loading essential drivers ... [    7.643571] raid6: sse2x1   gen() 18201 MB/s
[    7.702612] raid6: sse2x1   xor() 10482 MB/s
[    7.755839] raid6: sse2x2   gen() 20447 MB/s
[    7.804084] raid6: sse2x2   xor() 10343 MB/s
[    7.859803] raid6: sse2x4   gen() 22141 MB/s
[    7.915764] raid6: sse2x4   xor() 12653 MB/s
[    7.964008] raid6: avx2x1   gen() 28944 MB/s
[    8.023730] raid6: avx2x1   xor() 21309 MB/s
[    8.075773] raid6: avx2x2   gen() 36345 MB/s
[    8.127719] raid6: avx2x2   xor() 23733 MB/s
[    8.182444] raid6: avx2x4   gen() 35750 MB/s
[    8.231831] raid6: avx2x4   xor() 21865 MB/s
[    8.232593] raid6: using algorithm avx2x2 gen() 36345 MB/s
[    8.233445] raid6: .... xor() 23733 MB/s, rmw enabled
[    8.234245] raid6: using avx2x2 recovery algorithm
[    8.235840] xor: automatically using best checksumming function   avx       
[    8.237371] async_tx: api initialized (async)
done.
Begin: Running /scripts/init-premount ... done.
Begin: Mounting root file system ... Begin: Running /scripts/local-top ... done.
Begin: Running /scripts/local-premount ... [    8.270444] Btrfs loaded, crc32c=crc32c-intel
Scanning for Btrfs filesystems
done.
Warning: fsck not present, so skipping root file system
[    8.291801] EXT4-fs (sda1): mounted filesystem with ordered data mode. Opts: (null)
done.
Begin: Running /scripts/local-bottom ... done.
Begin: Running /scripts/init-bottom ... done.
[    8.460426] ip_tables: (C) 2000-2006 Netfilter Core Team
[    8.468426] systemd[1]: systemd 237 running in system mode. (+PAM +AUDIT +SELINUX +IMA +APPARMOR +SMACK +SYSVINIT +UTMP +LIBCRYPTSETUP +GCRYPT +GNUTLS +ACL +XZ +LZ4 +SECCOMP +BLKID +ELFUTILS +KMOD -IDN2 +IDN -PCRE2 default-hierarchy=hybrid)
[    8.471676] systemd[1]: Detected virtualization oracle.
[    8.472535] systemd[1]: Detected architecture x86-64.

Welcome to [1mUbuntu 18.04.6 LTS[0m!

[    8.478522] systemd[1]: Set hostname to <ubuntu>.
[    8.480755] systemd[1]: Initializing machine ID from random generator.
[    8.481785] systemd[1]: Installed transient /etc/machine-id file.
[    8.789212] systemd[1]: Reached target Swap.
[[0;32m  OK  [0m] Reached target Swap.
[    8.792653] systemd[1]: Created slice System Slice.
[[0;32m  OK  [0m] Created slice System Slice.
[    8.794041] systemd[1]: Listening on udev Control Socket.
[[0;32m  OK  [0m] Listening on udev Control Socket.
[    8.795699] systemd[1]: Listening on fsck to fsckd communication Socket.
[[0;32m  OK  [0m] Listening on fsck to fsckd communication Socket.
[[0;32m  OK  [0m] Created slice system-serial\x2dgetty.slice.
[[0;32m  OK  [0m] Started Forward Password Requests to Wall Directory Watch.
[[0;32m  OK  [0m] Listening on Journal Socket (/dev/log).
[[0;32m  OK  [0m] Created slice User and Session Slice.
[[0;32m  OK  [0m] Reached target Slices.
[[0;32m  OK  [0m] Reached target System Time Synchronized.
[[0;32m  OK  [0m] Listening on Network Service Netlink Socket.
[[0;32m  OK  [0m] Listening on Device-mapper event daemon FIFOs.
[[0;32m  OK  [0m] Listening on LVM2 poll daemon socket.
[[0;32m  OK  [0m] Listening on Journal Audit Socket.
[[0;32m  OK  [0m] Listening on LVM2 metadata daemon socket.
[[0;32m  OK  [0m] Set up automount Arbitrary Executab…rmats File System Automount Point.
[[0;32m  OK  [0m] Listening on Syslog Socket.
[[0;32m  OK  [0m] Listening on Journal Socket.
         Starting Create list of required st…ce nodes for the current kernel...
         Starting Uncomplicated firewall...
         Mounting Huge Pages File System...
         Starting File System Check on Root Device...
         Starting Load Kernel Modules...
         Starting Monitoring of LVM2 mirrors…ng dmeventd or progress polling...
         Starting Journal Service...
         Starting Set the console keyboard layout...
         Mounting POSIX Message Queue File System...
[[0;32m  OK  [0m] Listening on /dev/initctl Compatibility Named Pipe.
         Mounting Kernel Debug File System...
[[0;32m  OK  [0m] Reached target User and Group Name Lookups.
[[0;32m  OK  [0m] Listening on udev Kernel Socket.
         Starting udev Coldplug all Devices...
[[0;32m  OK  [0m] Started Create list of required sta…vice nodes for the current kernel.
[[0;32m  OK  [0m] Started Uncomplicated firewall.
[[0;32m  OK  [0m] Mounted Huge Pages File System.
[[0;32m  OK  [0m] Mounted POSIX Message Queue File System.
[[0;32m  OK  [0m] Mounted Kernel Debug File System.
         Starting Create Static Device Nodes in /dev...
[[0;32m  OK  [0m] Started File System Check Daemon to report status.
[    8.851922] Loading iSCSI transport class v2.0-870.
[    8.856589] iscsi: registered transport (tcp)
[    8.868104] iscsi: registered transport (iser)
[[0;32m  OK  [0m] Started Load Kernel Modules.
         Mounting FUSE Control File System...
         Starting Apply Kernel Variables...
         Mounting Kernel Configuration File System...
[[0;32m  OK  [0m] Mounted FUSE Control File System.
[[0;32m  OK  [0m] Mounted Kernel Configuration File System.
[[0;32m  OK  [0m] Started LVM2 metadata daemon.
[[0;32m  OK  [0m] Started Journal Service.
[[0;32m  OK  [0m] Started Create Static Device Nodes in /dev.
[[0;32m  OK  [0m] Started udev Coldplug all Devices.
[[0;32m  OK  [0m] Started File System Check on Root Device.
         Starting Remount Root and Kernel File Systems...
[[0;32m  OK  [0m] Started Apply Kernel Variables.
[[0;32m  OK  [0m] Started Monitoring of LVM2 mirrors,…sing dmeventd or progress polling.
[[0;32m  OK  [0m] Started Remount Root and Kernel File Systems.
         Starting Load/Save Random Seed...
         Starting udev Kernel Device Manager...
         Starting Flush Journal to Persistent Storage...
[[0;32m  OK  [0m] Started Load/Save Random Seed.
[[0;32m  OK  [0m] Started udev Kernel Device Manager.
[[0;32m  OK  [0m] Started Flush Journal to Persistent Storage.
[[0;32m  OK  [0m] Found device /dev/ttyS0.
[[0;32m  OK  [0m] Listening on Load/Save RF Kill Switch Status /dev/rfkill Watch.
[[0;32m  OK  [0m] Started Set the console keyboard layout.
[[0;32m  OK  [0m] Reached target Local File Systems (Pre).
[[0;32m  OK  [0m] Reached target Local File Systems.
         Starting Tell Plymouth To Write Out Runtime Data...
         Starting Create Volatile Files and Directories...
         Starting AppArmor initialization...
         Starting ebtables ruleset management...
         Starting Set console font and keymap...
         Starting Commit a transient machine-id on disk...
[[0;32m  OK  [0m] Started Dispatch Password Requests to Console Directory Watch.
[[0;32m  OK  [0m] Reached target Local Encrypted Volumes.
[[0;32m  OK  [0m] Started Tell Plymouth To Write Out Runtime Data.
[[0;32m  OK  [0m] Started Create Volatile Files and Directories.
         Starting Update UTMP about System Boot/Shutdown...
[[0;32m  OK  [0m] Started Update UTMP about System Boot/Shutdown.
[[0;32m  OK  [0m] Started ebtables ruleset management.
[[0;32m  OK  [0m] Started Commit a transient machine-id on disk.
[[0;32m  OK  [0m] Started AppArmor initialization.
         Starting Load AppArmor profiles managed internally by snapd...
         Starting Initial cloud-init job (pre-networking)...
[[0;32m  OK  [0m] Started Load AppArmor profiles managed internally by snapd.
[[0;32m  OK  [0m] Started Set console font and keymap.
[   11.091930] cloud-init[741]: Cloud-init v. 21.4-0ubuntu1~18.04.1 running 'init-local' at Wed, 02 Mar 2022 11:20:51 +0000. Up 10.81 seconds.
[[0;32m  OK  [0m] Started Initial cloud-init job (pre-networking).
[[0;32m  OK  [0m] Reached target Network (Pre).
         Starting Network Service...
[[0;32m  OK  [0m] Started Network Service.
         Starting Network Name Resolution...
         Starting Wait for Network to be Configured...
[[0;32m  OK  [0m] Started Network Name Resolution.
[[0;32m  OK  [0m] Reached target Host and Network Name Lookups.
[[0;32m  OK  [0m] Reached target Network.
[[0;32m  OK  [0m] Started Wait for Network to be Configured.
         Starting Initial cloud-init job (metadata service crawler)...
[   13.477913] cloud-init[1054]: Cloud-init v. 21.4-0ubuntu1~18.04.1 running 'init' at Wed, 02 Mar 2022 11:20:54 +0000. Up 13.36 seconds.
[   13.479413] cloud-init[1054]: ci-info: ++++++++++++++++++++++++++++++++++++++Net device info+++++++++++++++++++++++++++++++++++++++
[   13.480828] cloud-init[1054]: ci-info: +--------+-------+----------------------------+---------------+--------+-------------------+
[   13.496178] cloud-init[1054]: ci-info: | Device |   Up  |          Address           |      Mask     | Scope  |     Hw-Address    |
[   13.497350] cloud-init[1054]: ci-info: +--------+-------+----------------------------+---------------+--------+-------------------+
[   13.498683] cloud-init[1054]: ci-info: | enp0s3 |  True |         10.0.2.15          | 255.255.255.0 | global | 02:3b:ab:4a:a3:42 |
[   13.500066] cloud-init[1054]: ci-info: | enp0s3 |  True | fe80::3b:abff:fe4a:a342/64 |       .       |  link  | 02:3b:ab:4a:a3:42 |
[   13.501234] cloud-init[1054]: ci-info: | enp0s8 | False |             .              |       .       |   .    | 08:00:27:70:24:7e |
[   13.502479] cloud-init[1054]: ci-info: |   lo   |  True |         127.0.0.1          |   255.0.0.0   |  host  |         .         |
[   13.503708] cloud-init[1054]: ci-info: |   lo   |  True |          ::1/128           |       .       |  host  |         .         |
[   13.505019] cloud-init[1054]: ci-info: +--------+-------+----------------------------+---------------+--------+-------------------+
[   13.506230] cloud-init[1054]: ci-info: ++++++++++++++++++++++++++++Route IPv4 info+++++++++++++++++++++++++++++
[   13.507146] cloud-init[1054]: ci-info: +-------+-------------+----------+-----------------+-----------+-------+
[   13.508165] cloud-init[1054]: ci-info: | Route | Destination | Gateway  |     Genmask     | Interface | Flags |
[   13.509289] cloud-init[1054]: ci-info: +-------+-------------+----------+-----------------+-----------+-------+
[   13.510330] cloud-init[1054]: ci-info: |   0   |   0.0.0.0   | 10.0.2.2 |     0.0.0.0     |   enp0s3  |   UG  |
[   13.511412] cloud-init[1054]: ci-info: |   1   |   10.0.2.0  | 0.0.0.0  |  255.255.255.0  |   enp0s3  |   U   |
[   13.512428] cloud-init[1054]: ci-info: |   2   |   10.0.2.2  | 0.0.0.0  | 255.255.255.255 |   enp0s3  |   UH  |
[   13.513373] cloud-init[1054]: ci-info: +-------+-------------+----------+-----------------+-----------+-------+
[   13.514400] cloud-init[1054]: ci-info: +++++++++++++++++++Route IPv6 info+++++++++++++++++++
[   13.515269] cloud-init[1054]: ci-info: +-------+-------------+---------+-----------+-------+
[   13.516073] cloud-init[1054]: ci-info: | Route | Destination | Gateway | Interface | Flags |
[   13.516873] cloud-init[1054]: ci-info: +-------+-------------+---------+-----------+-------+
[   13.517697] cloud-init[1054]: ci-info: |   1   |  fe80::/64  |    ::   |   enp0s3  |   U   |
[   13.518501] cloud-init[1054]: ci-info: |   3   |    local    |    ::   |   enp0s3  |   U   |
[   13.519317] cloud-init[1054]: ci-info: |   4   |   ff00::/8  |    ::   |   enp0s3  |   U   |
[   13.520154] cloud-init[1054]: ci-info: +-------+-------------+---------+-----------+-------+
[   14.446619] cloud-init[1054]: Generating public/private rsa key pair.
[   14.447373] cloud-init[1054]: Your identification has been saved in /etc/ssh/ssh_host_rsa_key.
[   14.448262] cloud-init[1054]: Your public key has been saved in /etc/ssh/ssh_host_rsa_key.pub.
[   14.449061] cloud-init[1054]: The key fingerprint is:
[   14.449542] cloud-init[1054]: SHA256:CEdSjdV/RZBIx/RNgDlV7zbmI/3jXuxRkSC2HhtTbvo root@ubuntu-bionic
[   14.450329] cloud-init[1054]: The key's randomart image is:
[   14.450939] cloud-init[1054]: +---[RSA 2048]----+
[   14.451435] cloud-init[1054]: |    ..o+.. +.X**+|
[   14.451942] cloud-init[1054]: |     o. . o X.+o=|
[   14.452444] cloud-init[1054]: |    . .    * + ++|
[   14.453027] cloud-init[1054]: |     o .  . O ...|
[   14.453530] cloud-init[1054]: |      . S  + . o+|
[[0;32m  OK  [0m] Started Initial cloud-init job (metadata service crawler).
[   14.490792] cloud-init[1054]: |            . +oo|
[[0;32m  OK  [0m] Reached target System Initialization.
[   14.492198] cloud-init[1054]: |             E =o|
[[0;32m  OK  [0m] Started Daily apt download activities.
[   14.493749] cloud-init[1054]: |              .o=|
[[0;32m  OK  [0m] Started Trigger to poll for Ubuntu …(Only enabled on GCP LTS non-pro).
[   14.505134] [cloud-init[0;32m  OK  [0m[1054]: ] |              oo+|Started Ubuntu Advantage Timer for running repeated jobs.

[[0;32m  OK  [0m] Listening on cloud-init hotplug hook socket.
[   14.507860] cloud-init[1054]: +----[SHA256]-----+
[[0;32m  OK  [0m] Started Message of the Day.
[   14.509314] cloud-init[1054]: Generating public/private dsa key pair.
[[0;32m  OK  [0m] Started Daily apt upgrade and clean activities.
[   14.510498] [cloud-init[0;32m  OK  [0m[1054]: ] Your identification has been saved in /etc/ssh/ssh_host_dsa_key.Started Daily Cleanup of Temporary Directories.

[[0;32m  OK  [0m] Listening on Open-iSCSI iscsid Socket.
[   14.512854] cloud-init[1054]: Your public key has been saved in /etc/ssh/ssh_host_dsa_key.pub.
[[0;32m  OK  [0m] Started ACPI Events Check.
[   14.514458] cloud-init[1054]: The key fingerprint is:
[[0;32m  OK  [0m] Reached target Paths.
[   14.515558] cloud-init[1054]: SHA256:d7LVFoHbLjQJjfhGrJDaiFXwfZUgX9X5wPgUTd71spE root@ubuntu-bionic
[[0;32m  OK  [0m] Listening on ACPID Listen Socket.
[   14.517111] cloud-init[1054]: The key's randomart image is:
[[0;32m  OK  [0m] Listening on D-Bus System Message Bus Socket.
[   14.518272] cloud-init[1054]: +---[DSA 1024]----+
[[0;32m  OK  [0m] Listening on UUID daemon activation socket.
[   14.519479] cloud-init[1054]: |    .o...o.+o*+=+|
[   14.520825] cloud-init[1054]: |    ..o..o=o= +=*|
         Starting LXD - unix socket.
[   14.521359] cloud-init[1054]: |   o +...+o. *E.=|
[[0;32m  OK  [0m] Started Discard unused blocks once a week.
[   14.522361] cloud-init[1054]: |  . o . ..o =.o=.|
[[0;32m  OK  [0m] Reached target Timers.
[   14.523301] cloud-init[1054]: |        S.o.oo+  |
         Starting Socket activation for snappy daemon.
[   14.524661] cloud-init[1054]: |         . =...  |
[[0;32m  OK  [0m] Reached target Cloud-config availability.
[[0;32m  OK  [0m] Reached target Network is Online.
[   14.525643] cloud-init[1054]: |          .  .   |
[[0;32m  OK  [0m] Reached target Remote File Systems (Pre).
[   14.527632] cloud-init[1054]: |                 |
[[0;32m  OK  [0m] Reached target Remote File Systems.
[   14.528289] cloud-init[1054]: |                 |
[   14.529918] cloud-init[1054]: +----[SHA256]-----+
[   14.530481] cloud-init[1054]: Generating public/private ecdsa key pair.
[   14.531306] cloud-init[1054]: Your identification has been saved in /etc/ssh/ssh_host_ecdsa_key.
         Starting Availability of block devices...
[[0;32m  OK  [0m] Listening on Socket activation for snappy daemon.
[[0;32m  OK  [0m] Listening on LXD - unix socket.
[[0;32m  OK  [0m] Reached target Sockets.
[[0;32m  OK  [0m] Reached target Basic System.
[   14.532226] cloud-init[1054]: Your public key has been saved in /etc/ssh/ssh_host_ecdsa_key.pub.
[   14.544892] cloud-init[[1054]: [0;32m  OK  [0mThe key fingerprint is:] 
Started Deferred execution scheduler.
         Starting System Logging Service...
[   14.546449] cloud-init[1054]: SHA256:V43mrt79C8Je9WBIqkZnJ6aGgyhOsNHaIXEUHXykir0 root@ubuntu-bionic
[   14.547773] cloud-init[1054]: The key's randomart image is:
[   14.548407] cloud-init[1054]: +---[ECDSA 256]---+
[   14.548926] cloud-init[1054]: |  o+.o.          |
[   14.549445] cloud-init[1054]: | .  o..      o   |
[   14.549966] cloud-init[1054]: |. . ..      = .  |
[   14.550489] cloud-init[1054]: | * .       * .   |
[   14.551062] cloud-init[1054]: |= =     S B + o. |
[   14.551564] cloud-init[1054]: |.* + . o B.+ ....|
[   14.552121] cloud-init[1054]: |+.E . o =  o.o  .|
[   14.552695] cloud-init[1054]: |o.     +  .oo..  |
[   14.553241] cloud-init[1054]: | .       .o.. .oo|
[   14.553697] cloud-init[1054]: +----[SHA256]-----+
[   14.554263] cloud-init[1054]: Generating public/private ed25519 key pair.
[   14.555027] cloud-init[1054]: Your identification has been saved in /etc/ssh/ssh_host_ed25519_key.
[   14.566769] cloud-init[1054]: Your public key has been saved in /etc/ssh/ssh_host_ed25519_key.pub.
[   14.567716] cloud-init[1054]: The key fingerprint is:
[   14.568367] cloud-init[1054]: SHA256:Xc2bulHyI3A2LLchqQyIJ5aDecISaWCDVaLA/mOeDsU root@ubuntu-bionic
[   14.569379] cloud-init[1054]: The key's randomart image is:
[   14.569998] cloud-init[1054]: +--[ED25519 256]--+
[   14.570553] cloud-init[1054]: |=+o..            |
[   14.571087] cloud-init[1054]: |=+..         o   |
         Starting Dispatcher daemon for systemd-networkd...
[   14.580236] cloud-init[1054]: |=.          . o  |
[   14.581288]          Starting LSB: Record successful boot for GRUB...
         Starting Virtualbox guest utils...
         Starting LSB: automatic crash report generation...
cloud-init[1054]: |o=.o .   . +   o |
[   14.585361] cloud-init[1054]: |=.OEo . S * O +  |
[   14.585933] cloud-init[1054]: |.+.B   o . B O   |
[   14.586492] cloud-init[1054]: | .o o   o   = o  |
[[0;32m  OK  [0m] Started Regular background program processing daemon.
[   14.598739] cloud-init[1054]: |  .o         + . |
[   14.600313] cloud-init[1054]: |  ..        .    |
         Starting LXD - container startup/shutdown...
[   14.600913] cloud-init[1054]: +----[SHA256]-----+
[[0;32m  OK  [0m] Started FUSE filesystem for LXC.
         Starting Permit User Sessions...
         Starting Pollinate to seed the pseudo random number generator...
[[0;32m  OK  [0m] Started D-Bus System Message Bus.
[[0;32m  OK  [0m] Started irqbalance daemon.
         Starting Login Service...
         Starting Accounts Service...
         Starting Snap Daemon...
[[0;32m  OK  [0m] Started System Logging Service.
[[0;32m  OK  [0m] Started Availability of block devices.
[[0;32m  OK  [0m] Started LXD - container startup/shutdown.
[[0;32m  OK  [0m] Started Permit User Sessions.
         Starting Hold until boot process finishes up...
         Starting Terminate Plymouth Boot Screen...
[[0;32m  OK  [0m] Started Hold until boot process finishes up.
[[0;32m  OK  [0m] Started Serial Getty on ttyS0.
         Starting Set console scheme...
[[0;32m  OK  [0m] Started Dispatcher daemon for systemd-networkd.
[[0;32m  OK  [0m] Started Terminate Plymouth Boot Screen.
[[0;32m  OK  [0m] Started Login Service.
[[0;32m  OK  [0m] Started Unattended Upgrades Shutdown.
[[0;32m  OK  [0m] Started LSB: automatic crash report generation.
[[0;32m  OK  [0m] Started Set console scheme.
[[0;32m  OK  [0m] Created slice system-getty.slice.
[[0;32m  OK  [0m] Started Getty on tty1.
[[0;32m  OK  [0m] Reached target Login Prompts.
         Starting Authorization Manager...
[[0;32m  OK  [0m] Started LSB: Record successful boot for GRUB.
[[0;32m  OK  [0m] Started Authorization Manager.
[[0;32m  OK  [0m] Started Accounts Service.
[[0;32m  OK  [0m] Started Virtualbox guest utils.
[[0;32m  OK  [0m] Started Snap Daemon.
         Starting Wait until snapd is fully seeded...
         Starting Time & Date Service...
[[0;32m  OK  [0m] Started Time & Date Service.
[[0;32m  OK  [0m] Started Pollinate to seed the pseudo random number generator.
         Starting OpenBSD Secure Shell server...
[[0;32m  OK  [0m] Started OpenBSD Secure Shell server.
[[0;32m  OK  [0m] Created slice User Slice of vagrant.
         Starting User Manager for UID 1000...
[[0;32m  OK  [0m] Started Session 1 of user vagrant.
[[0;32m  OK  [0m] Started User Manager for UID 1000.
[[0;32m  OK  [0m] Started Wait until snapd is fully seeded.
         Starting Apply the settings specified in cloud-config...
[[0;32m  OK  [0m] Reached target Multi-User System.
[[0;32m  OK  [0m] Reached target Graphical Interface.
         Starting Update UTMP about System Runlevel Changes...
[[0;32m  OK  [0m] Started Update UTMP about System Runlevel Changes.
[   17.715247] cloud-init[1698]: Cloud-init v. 21.4-0ubuntu1~18.04.1 running 'modules:config' at Wed, 02 Mar 2022 11:20:57 +0000. Up 17.03 seconds.
[[0;32m  OK  [0m] Started Apply the settings specified in cloud-config.
         Starting Execute cloud user/final scripts...
ci-info: no authorized SSH keys fingerprints found for user ubuntu.
<14>Mar  2 11:20:59 cloud-init: #############################################################
<14>Mar  2 11:20:59 cloud-init: -----BEGIN SSH HOST KEY FINGERPRINTS-----
<14>Mar  2 11:20:59 cloud-init: 1024 SHA256:d7LVFoHbLjQJjfhGrJDaiFXwfZUgX9X5wPgUTd71spE root@ubuntu-bionic (DSA)
<14>Mar  2 11:20:59 cloud-init: 256 SHA256:V43mrt79C8Je9WBIqkZnJ6aGgyhOsNHaIXEUHXykir0 root@ubuntu-bionic (ECDSA)
<14>Mar  2 11:20:59 cloud-init: 256 SHA256:Xc2bulHyI3A2LLchqQyIJ5aDecISaWCDVaLA/mOeDsU root@ubuntu-bionic (ED25519)
<14>Mar  2 11:20:59 cloud-init: 2048 SHA256:CEdSjdV/RZBIx/RNgDlV7zbmI/3jXuxRkSC2HhtTbvo root@ubuntu-bionic (RSA)
<14>Mar  2 11:20:59 cloud-init: -----END SSH HOST KEY FINGERPRINTS-----
<14>Mar  2 11:20:59 cloud-init: #############################################################
-----BEGIN SSH HOST KEY KEYS-----
ecdsa-sha2-nistp256 AAAAE2VjZHNhLXNoYTItbmlzdHAyNTYAAAAIbmlzdHAyNTYAAABBBJWGXTRo+LetHpy8hHWaK0oGfJMMdOLgEVsz57gsyBjicMrKY9oWkcQxhd7g9a1fJaiH6CcBgCqGWn1kFLdjATg= root@ubuntu-bionic
ssh-ed25519 AAAAC3NzaC1lZDI1NTE5AAAAIA8QjmuXIUogQ8f6ADjq4/VPMUlUDYSfaejGqt7lfYSk root@ubuntu-bionic
ssh-rsa AAAAB3NzaC1yc2EAAAADAQABAAABAQDBNoI+IY4pFfPUt0nbpdA8Y04AGftBdPH8F2IvPdFbpvkQfDh52SeqgyeFrZlGeJLSmVguHjy8dqG86cvKvAv6LI2uVl+hLulL9lMwddPtkH3XTTACeXjKUaoB5xZRcOqZDcldWsA1IV3lLWzL+CV6Nt4weKpMuseQrD1Bu3lXlHOgkGqvoO3FgjV8HQ2bOo0XlCZyt+7P+TMqD1q+IKRNcDTn7t//sC2Hbw2Qde3Ue7Ie/+FHAxWSbwEUhJGCLXZevB1jbC4hlmHcVdxrgFpf6mHVQ5a0AbaTFy+QBEH6RNzxuuMK94zPZDLOR5dof3kZrPHC8LOdAa530F+TMYuz root@ubuntu-bionic
-----END SSH HOST KEY KEYS-----
[   18.504548] cloud-init[1830]: Cloud-init v. 21.4-0ubuntu1~18.04.1 running 'modules:final' at Wed, 02 Mar 2022 11:20:59 +0000. Up 18.28 seconds.
[   18.506544] cloud-init[1830]: ci-info: no authorized SSH keys fingerprints found for user ubuntu.
[   18.508190] cloud-init[1830]: Cloud-init v. 21.4-0ubuntu1~18.04.1 finished at Wed, 02 Mar 2022 11:20:59 +0000. Datasource DataSourceNoCloud [seed=/dev/sdb][dsmode=net].  Up 18.49 seconds
[[0;32m  OK  [0m] Started Execute cloud user/final scripts.
[[0;32m  OK  [0m] Reached target Cloud-init target.

Ubuntu 18.04.6 LTS ubuntu-bionic ttyS0

ubuntu-bionic login:                                                                                                                